<?xml version="1.0" encoding="UTF-8"?>
<!-- Generated by org.testng.reporters.JUnitReportReporter -->
<testsuite hostname="Jay" name="runners.TestRunner" tests="9" failures="0" timestamp="24 Sep 2019 14:06:30 GMT" time="0.326" errors="0">
  <testcase name="runScenario" time="0.002" classname="runners.TestRunner"/>
  <testcase name="runScenario" time="0.313" classname="runners.TestRunner"/>
  <testcase name="runScenario" time="0.001" classname="runners.TestRunner"/>
  <testcase name="runScenario" time="0.001" classname="runners.TestRunner"/>
  <testcase name="runScenario" time="0.002" classname="runners.TestRunner"/>
  <testcase name="runScenario" time="0.001" classname="runners.TestRunner"/>
  <testcase name="runScenario" time="0.004" classname="runners.TestRunner"/>
  <testcase name="runScenario" time="0.001" classname="runners.TestRunner"/>
  <testcase name="runScenario" time="0.001" classname="runners.TestRunner"/>
</testsuite> <!-- runners.TestRunner -->
